<?xml version="1.0" encoding="UTF-8"?>
<coverage generated="1690205227021" clover="3.2.0">
  <project timestamp="1690205227021" name="All files">
    <metrics statements="57" coveredstatements="42" conditionals="9" coveredconditionals="8" methods="27" coveredmethods="17" elements="93" coveredelements="67" complexity="0" loc="57" ncloc="57" packages="2" files="5" classes="5"/>
    <package name="components">
      <metrics statements="9" coveredstatements="7" conditionals="3" coveredconditionals="3" methods="6" coveredmethods="4"/>
      <file name="BrowseBy.jsx" path="C:\Users\aleco\OneDrive\Documentos\GitHub\Cinephiles\src\components\BrowseBy.jsx">
        <metrics statements="3" coveredstatements="3" conditionals="0" coveredconditionals="0" methods="2" coveredmethods="2"/>
        <line num="3" count="1" type="stmt"/>
        <line num="4" count="3" type="stmt"/>
        <line num="22" count="19" type="stmt"/>
      </file>
      <file name="MoviesList.jsx" path="C:\Users\aleco\OneDrive\Documentos\GitHub\Cinephiles\src\components\MoviesList.jsx">
        <metrics statements="4" coveredstatements="2" conditionals="3" coveredconditionals="3" methods="3" coveredmethods="1"/>
        <line num="4" count="1" type="stmt"/>
        <line num="5" count="3" type="stmt"/>
        <line num="15" count="0" type="stmt"/>
        <line num="29" count="0" type="stmt"/>
      </file>
      <file name="SearchInput.jsx" path="C:\Users\aleco\OneDrive\Documentos\GitHub\Cinephiles\src\components\SearchInput.jsx">
        <metrics statements="2" coveredstatements="2" conditionals="0" coveredconditionals="0" methods="1" coveredmethods="1"/>
        <line num="2" count="1" type="stmt"/>
        <line num="3" count="3" type="stmt"/>
      </file>
    </package>
    <package name="pages">
      <metrics statements="48" coveredstatements="35" conditionals="6" coveredconditionals="5" methods="21" coveredmethods="13"/>
      <file name="Films.jsx" path="C:\Users\aleco\OneDrive\Documentos\GitHub\Cinephiles\src\pages\Films.jsx">
        <metrics statements="27" coveredstatements="15" conditionals="2" coveredconditionals="1" methods="11" coveredmethods="4"/>
        <line num="11" count="1" type="stmt"/>
        <line num="12" count="3" type="stmt"/>
        <line num="13" count="3" type="stmt"/>
        <line num="14" count="3" type="stmt"/>
        <line num="15" count="3" type="stmt"/>
        <line num="16" count="3" type="stmt"/>
        <line num="18" count="3" type="stmt"/>
        <line num="19" count="0" type="stmt"/>
        <line num="20" count="0" type="stmt"/>
        <line num="22" count="0" type="stmt"/>
        <line num="24" count="0" type="stmt"/>
        <line num="27" count="0" type="stmt"/>
        <line num="28" count="0" type="stmt"/>
        <line num="32" count="3" type="stmt"/>
        <line num="33" count="1" type="stmt"/>
        <line num="35" count="1" type="stmt"/>
        <line num="38" count="0" type="stmt"/>
        <line num="42" count="3" type="stmt"/>
        <line num="43" count="1" type="cond" truecount="1" falsecount="1"/>
        <line num="44" count="0" type="stmt"/>
        <line num="46" count="0" type="stmt"/>
        <line num="49" count="0" type="stmt"/>
        <line num="50" count="0" type="stmt"/>
        <line num="53" count="1" type="stmt"/>
        <line num="57" count="3" type="stmt"/>
        <line num="58" count="0" type="stmt"/>
        <line num="61" count="3" type="stmt"/>
      </file>
      <file name="Home.jsx" path="C:\Users\aleco\OneDrive\Documentos\GitHub\Cinephiles\src\pages\Home.jsx">
        <metrics statements="21" coveredstatements="20" conditionals="4" coveredconditionals="4" methods="10" coveredmethods="9"/>
        <line num="9" count="1" type="stmt"/>
        <line num="10" count="3" type="stmt"/>
        <line num="11" count="3" type="stmt"/>
        <line num="12" count="3" type="stmt"/>
        <line num="14" count="3" type="stmt"/>
        <line num="15" count="1" type="stmt"/>
        <line num="17" count="1" type="stmt"/>
        <line num="19" count="0" type="stmt"/>
        <line num="21" count="1" type="stmt"/>
        <line num="22" count="1" type="stmt"/>
        <line num="26" count="3" type="stmt"/>
        <line num="27" count="2" type="cond" truecount="2" falsecount="0"/>
        <line num="28" count="1" type="stmt"/>
        <line num="29" count="1" type="stmt"/>
        <line num="34" count="3" type="stmt"/>
        <line num="35" count="6" type="cond" truecount="2" falsecount="0"/>
        <line num="36" count="1" type="stmt"/>
        <line num="38" count="5" type="stmt"/>
        <line num="42" count="3" type="stmt"/>
        <line num="63" count="40" type="stmt"/>
        <line num="85" count="6" type="stmt"/>
      </file>
    </package>
  </project>
</coverage>
