{"C:\\Users\\aleco\\OneDrive\\Documentos\\GitHub\\Cinephiles\\src\\components\\Footer.jsx": {"path":"C:\\Users\\aleco\\OneDrive\\Documentos\\GitHub\\Cinephiles\\src\\components\\Footer.jsx","statementMap":{"0":{"start":{"line":1,"column":15},"end":{"line":11,"column":1}},"1":{"start":{"line":2,"column":2},"end":{"line":10,"column":4}}},"fnMap":{"0":{"name":"(anonymous_0)","decl":{"start":{"line":1,"column":15},"end":{"line":1,"column":16}},"loc":{"start":{"line":1,"column":21},"end":{"line":11,"column":1}},"line":1}},"branchMap":{},"s":{"0":1,"1":1},"f":{"0":1},"b":{},"_coverageSchema":"1a1c01bbd47fc00a2c39e90264f33305004495a9","hash":"83df00a47b52581214ae4e406a09d51bea37acd5"}
}
