TN:
SF:src\components\BrowseBy.jsx
FN:3,(anonymous_0)
FN:21,(anonymous_1)
FNF:2
FNH:2
FNDA:3,(anonymous_0)
FNDA:19,(anonymous_1)
DA:3,1
DA:4,3
DA:22,19
LF:3
LH:3
BRF:0
BRH:0
end_of_record
TN:
SF:src\components\MoviesList.jsx
FN:4,(anonymous_0)
FN:14,(anonymous_1)
FN:28,(anonymous_2)
FNF:3
FNH:1
FNDA:3,(anonymous_0)
FNDA:0,(anonymous_1)
FNDA:0,(anonymous_2)
DA:4,1
DA:5,3
DA:15,0
DA:29,0
LF:4
LH:2
BRDA:7,0,0,3
BRDA:7,0,1,3
BRDA:7,0,2,3
BRF:3
BRH:3
end_of_record
TN:
SF:src\components\SearchInput.jsx
FN:2,(anonymous_0)
FNF:1
FNH:1
FNDA:3,(anonymous_0)
DA:2,1
DA:3,3
LF:2
LH:2
BRF:0
BRH:0
end_of_record
TN:
SF:src\pages\Films.jsx
FN:11,(anonymous_0)
FN:18,(anonymous_1)
FN:23,(anonymous_2)
FN:26,(anonymous_3)
FN:32,(anonymous_4)
FN:34,(anonymous_5)
FN:37,(anonymous_6)
FN:42,(anonymous_7)
FN:45,(anonymous_8)
FN:48,(anonymous_9)
FN:57,(anonymous_10)
FNF:11
FNH:4
FNDA:3,(anonymous_0)
FNDA:0,(anonymous_1)
FNDA:0,(anonymous_2)
FNDA:0,(anonymous_3)
FNDA:1,(anonymous_4)
FNDA:1,(anonymous_5)
FNDA:0,(anonymous_6)
FNDA:1,(anonymous_7)
FNDA:0,(anonymous_8)
FNDA:0,(anonymous_9)
FNDA:0,(anonymous_10)
DA:11,1
DA:12,3
DA:13,3
DA:14,3
DA:15,3
DA:16,3
DA:18,3
DA:19,0
DA:20,0
DA:22,0
DA:24,0
DA:27,0
DA:28,0
DA:32,3
DA:33,1
DA:35,1
DA:38,0
DA:42,3
DA:43,1
DA:44,0
DA:46,0
DA:49,0
DA:50,0
DA:53,1
DA:57,3
DA:58,0
DA:61,3
LF:27
LH:15
BRDA:43,0,0,0
BRDA:43,0,1,1
BRF:2
BRH:1
end_of_record
TN:
SF:src\pages\Home.jsx
FN:9,(anonymous_0)
FN:14,(anonymous_1)
FN:16,(anonymous_2)
FN:19,(anonymous_3)
FN:21,(anonymous_4)
FN:26,(anonymous_5)
FN:28,(anonymous_6)
FN:34,(anonymous_7)
FN:62,(anonymous_8)
FN:84,(anonymous_9)
FNF:10
FNH:9
FNDA:3,(anonymous_0)
FNDA:1,(anonymous_1)
FNDA:1,(anonymous_2)
FNDA:0,(anonymous_3)
FNDA:1,(anonymous_4)
FNDA:2,(anonymous_5)
FNDA:1,(anonymous_6)
FNDA:6,(anonymous_7)
FNDA:40,(anonymous_8)
FNDA:6,(anonymous_9)
DA:9,1
DA:10,3
DA:11,3
DA:12,3
DA:14,3
DA:15,1
DA:17,1
DA:19,0
DA:21,1
DA:22,1
DA:26,3
DA:27,2
DA:28,1
DA:29,1
DA:34,3
DA:35,6
DA:36,1
DA:38,5
DA:42,3
DA:63,40
DA:85,6
LF:21
LH:20
BRDA:27,0,0,1
BRDA:27,0,1,1
BRDA:35,1,0,1
BRDA:35,1,1,5
BRF:4
BRH:4
end_of_record
